

Starting script at Sun Feb  4 01:22:44 PST 2024
Traceback (most recent call last):
  File "/Users/andrew/Scripts/Notion-Integrations/todo_reset_script.py", line 72, in <module>
    update_and_reset_todo_entries(item)
  File "/Users/andrew/Scripts/Notion-Integrations/todo_reset_script.py", line 43, in update_and_reset_todo_entries
    'number': page_obj['properties']['[Updated Total Mins Spent]']['formula']['number']
              ~~~~~~~~~~~~~~~~~~~~~~~~~~~~~~~~~~~~~~~~~~~~~~~~~~~~~~~~~~~~~~~^^^^^^^^^^
KeyError: 'number'
Script completed at Sun Feb  4 01:22:46 PST 2024

Starting script at Sun Feb  4 01:43:16 PST 2024
Traceback (most recent call last):
  File "/Users/andrew/Scripts/Notion-Integrations/todo_reset_script.py", line 71, in <module>
    update_and_reset_todo_entries(item)
  File "/Users/andrew/Scripts/Notion-Integrations/todo_reset_script.py", line 43, in update_and_reset_todo_entries
    'number': page_obj['properties']['[Updated Total Mins Spent]']['formula']['number']
              ~~~~~~~~~~~~~~~~~~~~~~~~~~~~~~~~~~~~~~~~~~~~~~~~~~~~~~~~~~~~~~~^^^^^^^^^^
KeyError: 'number'
Script completed at Sun Feb  4 01:43:17 PST 2024

Starting script at Sun Feb  4 01:54:38 PST 2024
Traceback (most recent call last):
  File "/Users/andrew/Scripts/Notion-Integrations/todo_reset_script.py", line 71, in <module>
    update_and_reset_todo_entries(item)
  File "/Users/andrew/Scripts/Notion-Integrations/todo_reset_script.py", line 43, in update_and_reset_todo_entries
    'number': page_obj['properties']['[Updated Total Mins Spent]']['formula']['number']
              ~~~~~~~~~~~~~~~~~~~~~~~~~~~~~~~~~~~~~~~~~~~~~~~~~~~~~~~~~~~~~~~^^^^^^^^^^
KeyError: 'number'
Script completed at Sun Feb  4 01:54:39 PST 2024

Starting script at Mon Feb  5 00:01:44 PST 2024
Traceback (most recent call last):
  File "/Users/andrew/Scripts/Notion-Integrations/todo_reset_script.py", line 94, in <module>
    if item['properties']['[Recurring?]']['checkbox'] == True:
       ~~~~~~~~~~~~~~~~~~^^^^^^^^^^^^^^^^
KeyError: '[Recurring?]'
Script completed at Mon Feb  5 00:01:44 PST 2024

Starting script at Tue Feb  6 00:02:43 PST 2024
Traceback (most recent call last):
  File "/Users/andrew/Scripts/Notion-Integrations/todo_reset_script.py", line 94, in <module>
    if item['properties']['[Recurring?]']['checkbox'] == True:
       ~~~~~~~~~~~~~~~~~~^^^^^^^^^^^^^^^^
KeyError: '[Recurring?]'
Script completed at Tue Feb  6 00:02:47 PST 2024

Starting script at Tue Feb  6 19:38:42 PST 2024
Traceback (most recent call last):
  File "/Users/andrew/Scripts/Notion-Integrations/todo_reset_script.py", line 94, in <module>
    if item['properties']['[Recurring?]']['checkbox'] == True:
       ~~~~~~~~~~~~~~~~~~^^^^^^^^^^^^^^^^
KeyError: '[Recurring?]'
Script completed at Tue Feb  6 19:38:53 PST 2024

Starting script at Wed Feb  7 00:01:34 PST 2024
Traceback (most recent call last):
  File "/Users/andrew/Scripts/Notion-Integrations/todo_reset_script.py", line 94, in <module>
    if item['properties']['[Recurring?]']['checkbox'] == True:
       ~~~~~~~~~~~~~~~~~~^^^^^^^^^^^^^^^^
KeyError: '[Recurring?]'
Script completed at Wed Feb  7 00:01:35 PST 2024

Starting script at Thu Feb  8 00:02:09 PST 2024
Traceback (most recent call last):
  File "/Users/andrew/Scripts/Notion-Integrations/todo_reset_script.py", line 94, in <module>
    if item['properties']['[Recurring?]']['checkbox'] == True:
       ~~~~~~~~~~~~~~~~~~^^^^^^^^^^^^^^^^
KeyError: '[Recurring?]'
Script completed at Thu Feb  8 00:02:10 PST 2024

Starting script at Thu Feb  8 15:17:24 PST 2024
Traceback (most recent call last):
  File "/Users/andrew/Scripts/Notion-Integrations/todo_reset_script.py", line 94, in <module>
    if item['properties']['[Recurring?]']['checkbox'] == True:
       ~~~~~~~~~~~~~~~~~~^^^^^^^^^^^^^^^^
KeyError: '[Recurring?]'
Script completed at Thu Feb  8 15:17:30 PST 2024
Starting script at Fri Feb  9 13:24:15 PST 2024
Traceback (most recent call last):
  File "/Users/andrew/Scripts/Notion-Integrations/todo_reset_script.py", line 94, in <module>
    if item['properties']['[Recurring?]']['checkbox'] == True:
       ~~~~~~~~~~~~~~~~~~^^^^^^^^^^^^^^^^
KeyError: '[Recurring?]'
Script completed at Fri Feb  9 13:24:25 PST 2024

Starting script at Sat Feb 10 00:16:05 PST 2024
Traceback (most recent call last):
  File "/Users/andrew/Scripts/Notion-Integrations/todo_reset_script.py", line 94, in <module>
    if item['properties']['[Recurring?]']['checkbox'] == True:
       ~~~~~~~~~~~~~~~~~~^^^^^^^^^^^^^^^^
KeyError: '[Recurring?]'
Script completed at Sat Feb 10 00:16:05 PST 2024

Starting script at Sun Feb 11 00:01:05 PST 2024
Traceback (most recent call last):
  File "/Users/andrew/Scripts/Notion-Integrations/todo_reset_script.py", line 94, in <module>
    if item['properties']['[Recurring?]']['checkbox'] == True:
       ~~~~~~~~~~~~~~~~~~^^^^^^^^^^^^^^^^
KeyError: '[Recurring?]'
Script completed at Sun Feb 11 00:01:06 PST 2024

